<?xml version="1.0" encoding="UTF-8"?>
<!-- Generated by org.testng.reporters.JUnitXMLReporter -->
<testsuite ignored="0" hostname="LAPTOP-ADI7KS2A" failures="0" tests="3" name="Default test" time="38.246" errors="0" timestamp="2022-09-15T16:23:59 IST">
  <testcase classname="seleniumbasic.Data" name="loginorm" time="13.885"/>
  <testcase classname="seleniumbasic.Data" name="loginorm" time="13.573"/>
  <testcase classname="seleniumbasic.Data" name="loginorm" time="10.145"/>
</testsuite> <!-- Default test -->
