<?xml version="1.0" encoding="UTF-8"?>
<testng-results ignored="0" total="3" passed="3" failed="0" skipped="0">
  <reporter-output>
  </reporter-output>
  <suite started-at="2022-09-15T16:23:20 IST" name="Default suite" finished-at="2022-09-15T16:23:59 IST" duration-ms="38246">
    <groups>
    </groups>
    <test started-at="2022-09-15T16:23:20 IST" name="Default test" finished-at="2022-09-15T16:23:59 IST" duration-ms="38246">
      <class name="seleniumbasic.Data">
        <test-method signature="loginorm(java.lang.String,java.lang.String)[pri:0, instance:seleniumbasic.Data@795cd85e]" started-at="2022-09-15T16:23:20 IST" name="loginorm" data-provider="OrangeHRM" finished-at="2022-09-15T16:23:34 IST" duration-ms="13885" status="PASS">
          <params>
            <param index="0">
              <value>
                <![CDATA[reddy]]>
              </value>
            </param>
            <param index="1">
              <value>
                <![CDATA[reddy1234]]>
              </value>
            </param>
          </params>
          <reporter-output>
          </reporter-output>
        </test-method> <!-- loginorm -->
        <test-method is-config="true" signature="teardown()[pri:0, instance:seleniumbasic.Data@795cd85e]" started-at="2022-09-15T16:23:34 IST" name="teardown" finished-at="2022-09-15T16:23:35 IST" duration-ms="244" status="PASS">
          <reporter-output>
          </reporter-output>
        </test-method> <!-- teardown -->
        <test-method signature="loginorm(java.lang.String,java.lang.String)[pri:0, instance:seleniumbasic.Data@795cd85e]" started-at="2022-09-15T16:23:35 IST" name="loginorm" data-provider="OrangeHRM" finished-at="2022-09-15T16:23:48 IST" duration-ms="13573" status="PASS">
          <params>
            <param index="0">
              <value>
                <![CDATA[Admin]]>
              </value>
            </param>
            <param index="1">
              <value>
                <![CDATA[admin123]]>
              </value>
            </param>
          </params>
          <reporter-output>
          </reporter-output>
        </test-method> <!-- loginorm -->
        <test-method is-config="true" signature="teardown()[pri:0, instance:seleniumbasic.Data@795cd85e]" started-at="2022-09-15T16:23:48 IST" name="teardown" finished-at="2022-09-15T16:23:48 IST" duration-ms="201" status="PASS">
          <reporter-output>
          </reporter-output>
        </test-method> <!-- teardown -->
        <test-method signature="loginorm(java.lang.String,java.lang.String)[pri:0, instance:seleniumbasic.Data@795cd85e]" started-at="2022-09-15T16:23:48 IST" name="loginorm" data-provider="OrangeHRM" finished-at="2022-09-15T16:23:59 IST" duration-ms="10145" status="PASS">
          <params>
            <param index="0">
              <value>
                <![CDATA[jaya]]>
              </value>
            </param>
            <param index="1">
              <value>
                <![CDATA[jaya12]]>
              </value>
            </param>
          </params>
          <reporter-output>
          </reporter-output>
        </test-method> <!-- loginorm -->
        <test-method is-config="true" signature="teardown()[pri:0, instance:seleniumbasic.Data@795cd85e]" started-at="2022-09-15T16:23:59 IST" name="teardown" finished-at="2022-09-15T16:23:59 IST" duration-ms="160" status="PASS">
          <reporter-output>
          </reporter-output>
        </test-method> <!-- teardown -->
      </class> <!-- seleniumbasic.Data -->
    </test> <!-- Default test -->
  </suite> <!-- Default suite -->
</testng-results>
